I, [2015-08-18T22:25:03.508182 #16076]  INFO -- : listening on addr=/tmp/unicorn.airbud.sock fd=10
I, [2015-08-18T22:25:03.508383 #16076]  INFO -- : worker=0 spawning...
I, [2015-08-18T22:25:03.513609 #16076]  INFO -- : worker=1 spawning...
I, [2015-08-18T22:25:03.514048 #16076]  INFO -- : master process ready
I, [2015-08-18T22:25:03.520430 #16079]  INFO -- : worker=0 spawned pid=16079
I, [2015-08-18T22:25:03.520603 #16079]  INFO -- : Refreshing Gem list
I, [2015-08-18T22:25:03.527000 #16081]  INFO -- : worker=1 spawned pid=16081
I, [2015-08-18T22:25:03.527143 #16081]  INFO -- : Refreshing Gem list
I, [2015-08-18T22:25:04.255061 #16081]  INFO -- : worker=1 ready
I, [2015-08-18T22:25:04.255472 #16079]  INFO -- : worker=0 ready
73.153.28.255 - - [18/Aug/2015:22:25:25 +0000] "GET / HTTP/1.0" 404 460 0.0175
73.153.28.255 - - [18/Aug/2015:22:25:25 +0000] "GET /__sinatra__/404.png HTTP/1.0" 200 18893 0.0139
73.153.28.255 - - [18/Aug/2015:22:25:26 +0000] "GET /favicon.ico HTTP/1.0" 404 471 0.0017
2015-08-18 22:25:48 - OpenURI::HTTPError - 999 Request denied:
	/usr/local/rvm/rubies/ruby-2.2.2/lib/ruby/2.2.0/open-uri.rb:358:in `open_http'
	/usr/local/rvm/rubies/ruby-2.2.2/lib/ruby/2.2.0/open-uri.rb:736:in `buffer_open'
	/usr/local/rvm/rubies/ruby-2.2.2/lib/ruby/2.2.0/open-uri.rb:211:in `block in open_loop'
	/usr/local/rvm/rubies/ruby-2.2.2/lib/ruby/2.2.0/open-uri.rb:209:in `catch'
	/usr/local/rvm/rubies/ruby-2.2.2/lib/ruby/2.2.0/open-uri.rb:209:in `open_loop'
	/usr/local/rvm/rubies/ruby-2.2.2/lib/ruby/2.2.0/open-uri.rb:150:in `open_uri'
	/usr/local/rvm/rubies/ruby-2.2.2/lib/ruby/2.2.0/open-uri.rb:716:in `open'
	/usr/local/rvm/rubies/ruby-2.2.2/lib/ruby/2.2.0/open-uri.rb:34:in `open'
	/var/www/airbud/noko.rb:23:in `content'
	/var/www/airbud/noko.rb:29:in `background'
	/var/www/airbud/noko.rb:37:in `summary'
	/var/www/airbud/noko.rb:13:in `formatted'
	/var/www/airbud/airbud.rb:7:in `block in <top (required)>'
	/usr/local/rvm/gems/ruby-2.2.2/gems/sinatra-1.4.6/lib/sinatra/base.rb:1610:in `call'
	/usr/local/rvm/gems/ruby-2.2.2/gems/sinatra-1.4.6/lib/sinatra/base.rb:1610:in `block in compile!'
	/usr/local/rvm/gems/ruby-2.2.2/gems/sinatra-1.4.6/lib/sinatra/base.rb:974:in `[]'
	/usr/local/rvm/gems/ruby-2.2.2/gems/sinatra-1.4.6/lib/sinatra/base.rb:974:in `block (3 levels) in route!'
	/usr/local/rvm/gems/ruby-2.2.2/gems/sinatra-1.4.6/lib/sinatra/base.rb:993:in `route_eval'
	/usr/local/rvm/gems/ruby-2.2.2/gems/sinatra-1.4.6/lib/sinatra/base.rb:974:in `block (2 levels) in route!'
	/usr/local/rvm/gems/ruby-2.2.2/gems/sinatra-1.4.6/lib/sinatra/base.rb:1014:in `block in process_route'
	/usr/local/rvm/gems/ruby-2.2.2/gems/sinatra-1.4.6/lib/sinatra/base.rb:1012:in `catch'
	/usr/local/rvm/gems/ruby-2.2.2/gems/sinatra-1.4.6/lib/sinatra/base.rb:1012:in `process_route'
	/usr/local/rvm/gems/ruby-2.2.2/gems/sinatra-1.4.6/lib/sinatra/base.rb:972:in `block in route!'
	/usr/local/rvm/gems/ruby-2.2.2/gems/sinatra-1.4.6/lib/sinatra/base.rb:971:in `each'
	/usr/local/rvm/gems/ruby-2.2.2/gems/sinatra-1.4.6/lib/sinatra/base.rb:971:in `route!'
	/usr/local/rvm/gems/ruby-2.2.2/gems/sinatra-1.4.6/lib/sinatra/base.rb:1084:in `block in dispatch!'
	/usr/local/rvm/gems/ruby-2.2.2/gems/sinatra-1.4.6/lib/sinatra/base.rb:1066:in `block in invoke'
	/usr/local/rvm/gems/ruby-2.2.2/gems/sinatra-1.4.6/lib/sinatra/base.rb:1066:in `catch'
	/usr/local/rvm/gems/ruby-2.2.2/gems/sinatra-1.4.6/lib/sinatra/base.rb:1066:in `invoke'
	/usr/local/rvm/gems/ruby-2.2.2/gems/sinatra-1.4.6/lib/sinatra/base.rb:1081:in `dispatch!'
	/usr/local/rvm/gems/ruby-2.2.2/gems/sinatra-1.4.6/lib/sinatra/base.rb:906:in `block in call!'
	/usr/local/rvm/gems/ruby-2.2.2/gems/sinatra-1.4.6/lib/sinatra/base.rb:1066:in `block in invoke'
	/usr/local/rvm/gems/ruby-2.2.2/gems/sinatra-1.4.6/lib/sinatra/base.rb:1066:in `catch'
	/usr/local/rvm/gems/ruby-2.2.2/gems/sinatra-1.4.6/lib/sinatra/base.rb:1066:in `invoke'
	/usr/local/rvm/gems/ruby-2.2.2/gems/sinatra-1.4.6/lib/sinatra/base.rb:906:in `call!'
	/usr/local/rvm/gems/ruby-2.2.2/gems/sinatra-1.4.6/lib/sinatra/base.rb:894:in `call'
	/usr/local/rvm/gems/ruby-2.2.2/gems/rack-protection-1.5.3/lib/rack/protection/xss_header.rb:18:in `call'
	/usr/local/rvm/gems/ruby-2.2.2/gems/rack-protection-1.5.3/lib/rack/protection/path_traversal.rb:16:in `call'
	/usr/local/rvm/gems/ruby-2.2.2/gems/rack-protection-1.5.3/lib/rack/protection/json_csrf.rb:18:in `call'
	/usr/local/rvm/gems/ruby-2.2.2/gems/rack-protection-1.5.3/lib/rack/protection/base.rb:49:in `call'
	/usr/local/rvm/gems/ruby-2.2.2/gems/rack-protection-1.5.3/lib/rack/protection/base.rb:49:in `call'
	/usr/local/rvm/gems/ruby-2.2.2/gems/rack-protection-1.5.3/lib/rack/protection/frame_options.rb:31:in `call'
	/usr/local/rvm/gems/ruby-2.2.2/gems/rack-1.6.4/lib/rack/logger.rb:15:in `call'
	/usr/local/rvm/gems/ruby-2.2.2/gems/sinatra-1.4.6/lib/sinatra/base.rb:211:in `call'
	/usr/local/rvm/gems/ruby-2.2.2/gems/rack-1.6.4/lib/rack/head.rb:13:in `call'
	/usr/local/rvm/gems/ruby-2.2.2/gems/rack-1.6.4/lib/rack/methodoverride.rb:22:in `call'
	/usr/local/rvm/gems/ruby-2.2.2/gems/sinatra-1.4.6/lib/sinatra/show_exceptions.rb:21:in `call'
	/usr/local/rvm/gems/ruby-2.2.2/gems/sinatra-1.4.6/lib/sinatra/base.rb:181:in `call'
	/usr/local/rvm/gems/ruby-2.2.2/gems/sinatra-1.4.6/lib/sinatra/base.rb:2021:in `call'
	/usr/local/rvm/gems/ruby-2.2.2/gems/sinatra-1.4.6/lib/sinatra/base.rb:1486:in `block in call'
	/usr/local/rvm/gems/ruby-2.2.2/gems/sinatra-1.4.6/lib/sinatra/base.rb:1795:in `synchronize'
	/usr/local/rvm/gems/ruby-2.2.2/gems/sinatra-1.4.6/lib/sinatra/base.rb:1486:in `call'
	/usr/local/rvm/gems/ruby-2.2.2/gems/rack-1.6.4/lib/rack/tempfile_reaper.rb:15:in `call'
	/usr/local/rvm/gems/ruby-2.2.2/gems/rack-1.6.4/lib/rack/lint.rb:49:in `_call'
	/usr/local/rvm/gems/ruby-2.2.2/gems/rack-1.6.4/lib/rack/lint.rb:37:in `call'
	/usr/local/rvm/gems/ruby-2.2.2/gems/rack-1.6.4/lib/rack/showexceptions.rb:24:in `call'
	/usr/local/rvm/gems/ruby-2.2.2/gems/rack-1.6.4/lib/rack/commonlogger.rb:33:in `call'
	/usr/local/rvm/gems/ruby-2.2.2/gems/sinatra-1.4.6/lib/sinatra/base.rb:218:in `call'
	/usr/local/rvm/gems/ruby-2.2.2/gems/rack-1.6.4/lib/rack/chunked.rb:54:in `call'
	/usr/local/rvm/gems/ruby-2.2.2/gems/rack-1.6.4/lib/rack/content_length.rb:15:in `call'
	/usr/local/rvm/gems/ruby-2.2.2/gems/unicorn-4.9.0/lib/unicorn/http_server.rb:580:in `process_client'
	/usr/local/rvm/gems/ruby-2.2.2/gems/unicorn-4.9.0/lib/unicorn/http_server.rb:674:in `worker_loop'
	/usr/local/rvm/gems/ruby-2.2.2/gems/unicorn-4.9.0/lib/unicorn/http_server.rb:529:in `spawn_missing_workers'
	/usr/local/rvm/gems/ruby-2.2.2/gems/unicorn-4.9.0/lib/unicorn/http_server.rb:140:in `start'
	/usr/local/rvm/gems/ruby-2.2.2/gems/unicorn-4.9.0/bin/unicorn:126:in `<top (required)>'
	/usr/local/rvm/gems/ruby-2.2.2/bin/unicorn:23:in `load'
	/usr/local/rvm/gems/ruby-2.2.2/bin/unicorn:23:in `<main>'
	/usr/local/rvm/gems/ruby-2.2.2/bin/ruby_executable_hooks:15:in `eval'
	/usr/local/rvm/gems/ruby-2.2.2/bin/ruby_executable_hooks:15:in `<main>'
73.153.28.255 - - [18/Aug/2015:22:25:48 +0000] "GET /profile?url=https%3A%2F%2Fwww.linkedin.com%2Fin%2Fdanielglunz HTTP/1.0" 500 184742 0.1068
73.153.28.255 - - [18/Aug/2015:22:25:49 +0000] "GET /__sinatra__/500.png HTTP/1.0" 200 24378 0.0065
/usr/local/rvm/gems/ruby-2.2.2/gems/unicorn-4.9.0/lib/unicorn/http_server.rb:206:in `pid=': Already running on PID:16076 (or pid=/var/www/airbud/pids/unicorn.pid is stale) (ArgumentError)
	from /usr/local/rvm/gems/ruby-2.2.2/gems/unicorn-4.9.0/lib/unicorn/http_server.rb:135:in `start'
	from /usr/local/rvm/gems/ruby-2.2.2/gems/unicorn-4.9.0/bin/unicorn:126:in `<top (required)>'
	from /usr/local/rvm/gems/ruby-2.2.2/bin/unicorn:23:in `load'
	from /usr/local/rvm/gems/ruby-2.2.2/bin/unicorn:23:in `<main>'
	from /usr/local/rvm/gems/ruby-2.2.2/bin/ruby_executable_hooks:15:in `eval'
	from /usr/local/rvm/gems/ruby-2.2.2/bin/ruby_executable_hooks:15:in `<main>'
2015-08-18 22:51:59 - OpenURI::HTTPError - 999 Request denied:
	/usr/local/rvm/rubies/ruby-2.2.2/lib/ruby/2.2.0/open-uri.rb:358:in `open_http'
	/usr/local/rvm/rubies/ruby-2.2.2/lib/ruby/2.2.0/open-uri.rb:736:in `buffer_open'
	/usr/local/rvm/rubies/ruby-2.2.2/lib/ruby/2.2.0/open-uri.rb:211:in `block in open_loop'
	/usr/local/rvm/rubies/ruby-2.2.2/lib/ruby/2.2.0/open-uri.rb:209:in `catch'
	/usr/local/rvm/rubies/ruby-2.2.2/lib/ruby/2.2.0/open-uri.rb:209:in `open_loop'
	/usr/local/rvm/rubies/ruby-2.2.2/lib/ruby/2.2.0/open-uri.rb:150:in `open_uri'
	/usr/local/rvm/rubies/ruby-2.2.2/lib/ruby/2.2.0/open-uri.rb:716:in `open'
	/usr/local/rvm/rubies/ruby-2.2.2/lib/ruby/2.2.0/open-uri.rb:34:in `open'
	/var/www/airbud/noko.rb:23:in `content'
	/var/www/airbud/noko.rb:29:in `background'
	/var/www/airbud/noko.rb:37:in `summary'
	/var/www/airbud/noko.rb:13:in `formatted'
	/var/www/airbud/airbud.rb:7:in `block in <top (required)>'
	/usr/local/rvm/gems/ruby-2.2.2/gems/sinatra-1.4.6/lib/sinatra/base.rb:1610:in `call'
	/usr/local/rvm/gems/ruby-2.2.2/gems/sinatra-1.4.6/lib/sinatra/base.rb:1610:in `block in compile!'
	/usr/local/rvm/gems/ruby-2.2.2/gems/sinatra-1.4.6/lib/sinatra/base.rb:974:in `[]'
	/usr/local/rvm/gems/ruby-2.2.2/gems/sinatra-1.4.6/lib/sinatra/base.rb:974:in `block (3 levels) in route!'
	/usr/local/rvm/gems/ruby-2.2.2/gems/sinatra-1.4.6/lib/sinatra/base.rb:993:in `route_eval'
	/usr/local/rvm/gems/ruby-2.2.2/gems/sinatra-1.4.6/lib/sinatra/base.rb:974:in `block (2 levels) in route!'
	/usr/local/rvm/gems/ruby-2.2.2/gems/sinatra-1.4.6/lib/sinatra/base.rb:1014:in `block in process_route'
	/usr/local/rvm/gems/ruby-2.2.2/gems/sinatra-1.4.6/lib/sinatra/base.rb:1012:in `catch'
	/usr/local/rvm/gems/ruby-2.2.2/gems/sinatra-1.4.6/lib/sinatra/base.rb:1012:in `process_route'
	/usr/local/rvm/gems/ruby-2.2.2/gems/sinatra-1.4.6/lib/sinatra/base.rb:972:in `block in route!'
	/usr/local/rvm/gems/ruby-2.2.2/gems/sinatra-1.4.6/lib/sinatra/base.rb:971:in `each'
	/usr/local/rvm/gems/ruby-2.2.2/gems/sinatra-1.4.6/lib/sinatra/base.rb:971:in `route!'
	/usr/local/rvm/gems/ruby-2.2.2/gems/sinatra-1.4.6/lib/sinatra/base.rb:1084:in `block in dispatch!'
	/usr/local/rvm/gems/ruby-2.2.2/gems/sinatra-1.4.6/lib/sinatra/base.rb:1066:in `block in invoke'
	/usr/local/rvm/gems/ruby-2.2.2/gems/sinatra-1.4.6/lib/sinatra/base.rb:1066:in `catch'
	/usr/local/rvm/gems/ruby-2.2.2/gems/sinatra-1.4.6/lib/sinatra/base.rb:1066:in `invoke'
	/usr/local/rvm/gems/ruby-2.2.2/gems/sinatra-1.4.6/lib/sinatra/base.rb:1081:in `dispatch!'
	/usr/local/rvm/gems/ruby-2.2.2/gems/sinatra-1.4.6/lib/sinatra/base.rb:906:in `block in call!'
	/usr/local/rvm/gems/ruby-2.2.2/gems/sinatra-1.4.6/lib/sinatra/base.rb:1066:in `block in invoke'
	/usr/local/rvm/gems/ruby-2.2.2/gems/sinatra-1.4.6/lib/sinatra/base.rb:1066:in `catch'
	/usr/local/rvm/gems/ruby-2.2.2/gems/sinatra-1.4.6/lib/sinatra/base.rb:1066:in `invoke'
	/usr/local/rvm/gems/ruby-2.2.2/gems/sinatra-1.4.6/lib/sinatra/base.rb:906:in `call!'
	/usr/local/rvm/gems/ruby-2.2.2/gems/sinatra-1.4.6/lib/sinatra/base.rb:894:in `call'
	/usr/local/rvm/gems/ruby-2.2.2/gems/rack-protection-1.5.3/lib/rack/protection/xss_header.rb:18:in `call'
	/usr/local/rvm/gems/ruby-2.2.2/gems/rack-protection-1.5.3/lib/rack/protection/path_traversal.rb:16:in `call'
	/usr/local/rvm/gems/ruby-2.2.2/gems/rack-protection-1.5.3/lib/rack/protection/json_csrf.rb:18:in `call'
	/usr/local/rvm/gems/ruby-2.2.2/gems/rack-protection-1.5.3/lib/rack/protection/base.rb:49:in `call'
	/usr/local/rvm/gems/ruby-2.2.2/gems/rack-protection-1.5.3/lib/rack/protection/base.rb:49:in `call'
	/usr/local/rvm/gems/ruby-2.2.2/gems/rack-protection-1.5.3/lib/rack/protection/frame_options.rb:31:in `call'
	/usr/local/rvm/gems/ruby-2.2.2/gems/rack-1.6.4/lib/rack/logger.rb:15:in `call'
	/usr/local/rvm/gems/ruby-2.2.2/gems/sinatra-1.4.6/lib/sinatra/base.rb:211:in `call'
	/usr/local/rvm/gems/ruby-2.2.2/gems/rack-1.6.4/lib/rack/head.rb:13:in `call'
	/usr/local/rvm/gems/ruby-2.2.2/gems/rack-1.6.4/lib/rack/methodoverride.rb:22:in `call'
	/usr/local/rvm/gems/ruby-2.2.2/gems/sinatra-1.4.6/lib/sinatra/show_exceptions.rb:21:in `call'
	/usr/local/rvm/gems/ruby-2.2.2/gems/sinatra-1.4.6/lib/sinatra/base.rb:181:in `call'
	/usr/local/rvm/gems/ruby-2.2.2/gems/sinatra-1.4.6/lib/sinatra/base.rb:2021:in `call'
	/usr/local/rvm/gems/ruby-2.2.2/gems/sinatra-1.4.6/lib/sinatra/base.rb:1486:in `block in call'
	/usr/local/rvm/gems/ruby-2.2.2/gems/sinatra-1.4.6/lib/sinatra/base.rb:1795:in `synchronize'
	/usr/local/rvm/gems/ruby-2.2.2/gems/sinatra-1.4.6/lib/sinatra/base.rb:1486:in `call'
	/usr/local/rvm/gems/ruby-2.2.2/gems/rack-1.6.4/lib/rack/tempfile_reaper.rb:15:in `call'
	/usr/local/rvm/gems/ruby-2.2.2/gems/rack-1.6.4/lib/rack/lint.rb:49:in `_call'
	/usr/local/rvm/gems/ruby-2.2.2/gems/rack-1.6.4/lib/rack/lint.rb:37:in `call'
	/usr/local/rvm/gems/ruby-2.2.2/gems/rack-1.6.4/lib/rack/showexceptions.rb:24:in `call'
	/usr/local/rvm/gems/ruby-2.2.2/gems/rack-1.6.4/lib/rack/commonlogger.rb:33:in `call'
	/usr/local/rvm/gems/ruby-2.2.2/gems/sinatra-1.4.6/lib/sinatra/base.rb:218:in `call'
	/usr/local/rvm/gems/ruby-2.2.2/gems/rack-1.6.4/lib/rack/chunked.rb:54:in `call'
	/usr/local/rvm/gems/ruby-2.2.2/gems/rack-1.6.4/lib/rack/content_length.rb:15:in `call'
	/usr/local/rvm/gems/ruby-2.2.2/gems/unicorn-4.9.0/lib/unicorn/http_server.rb:580:in `process_client'
	/usr/local/rvm/gems/ruby-2.2.2/gems/unicorn-4.9.0/lib/unicorn/http_server.rb:674:in `worker_loop'
	/usr/local/rvm/gems/ruby-2.2.2/gems/unicorn-4.9.0/lib/unicorn/http_server.rb:529:in `spawn_missing_workers'
	/usr/local/rvm/gems/ruby-2.2.2/gems/unicorn-4.9.0/lib/unicorn/http_server.rb:140:in `start'
	/usr/local/rvm/gems/ruby-2.2.2/gems/unicorn-4.9.0/bin/unicorn:126:in `<top (required)>'
	/usr/local/rvm/gems/ruby-2.2.2/bin/unicorn:23:in `load'
	/usr/local/rvm/gems/ruby-2.2.2/bin/unicorn:23:in `<main>'
	/usr/local/rvm/gems/ruby-2.2.2/bin/ruby_executable_hooks:15:in `eval'
	/usr/local/rvm/gems/ruby-2.2.2/bin/ruby_executable_hooks:15:in `<main>'
73.153.28.255 - - [18/Aug/2015:22:51:59 +0000] "GET /profile?url=https%3A%2F%2Fwww.linkedin.com%2Fin%2Fdanielglunz HTTP/1.0" 500 184822 0.1165
73.153.28.255 - - [18/Aug/2015:22:51:59 +0000] "GET /__sinatra__/500.png HTTP/1.0" 304 - 0.0021
73.153.28.255 - - [18/Aug/2015:22:56:40 +0000] "GET / HTTP/1.0" 404 460 0.0021
73.153.28.255 - - [18/Aug/2015:22:56:41 +0000] "GET /__sinatra__/404.png HTTP/1.0" 304 - 0.0014
73.153.28.255 - - [18/Aug/2015:22:57:40 +0000] "GET / HTTP/1.0" 404 460 0.0022
73.153.28.255 - - [18/Aug/2015:22:57:40 +0000] "GET /__sinatra__/404.png HTTP/1.0" 304 - 0.0018
73.153.28.255 - - [18/Aug/2015:22:57:41 +0000] "GET / HTTP/1.0" 404 460 0.0021
73.153.28.255 - - [18/Aug/2015:22:57:41 +0000] "GET /__sinatra__/404.png HTTP/1.0" 304 - 0.0017
73.153.28.255 - - [18/Aug/2015:22:57:42 +0000] "GET / HTTP/1.0" 404 460 0.0025
73.153.28.255 - - [18/Aug/2015:22:57:42 +0000] "GET /__sinatra__/404.png HTTP/1.0" 304 - 0.0018
185.25.151.159 - - [18/Aug/2015:22:58:32 +0000] "GET /testproxy.php HTTP/1.0" 404 483 0.0020
73.153.28.255 - - [18/Aug/2015:23:00:39 +0000] "GET / HTTP/1.0" 404 460 0.0024
73.153.28.255 - - [18/Aug/2015:23:00:39 +0000] "GET /__sinatra__/404.png HTTP/1.0" 304 - 0.0018
I, [2015-08-18T23:03:51.442367 #16076]  INFO -- : reaped #<Process::Status: pid 16079 exit 0> worker=0
I, [2015-08-18T23:03:51.442496 #16076]  INFO -- : reaped #<Process::Status: pid 16081 exit 0> worker=1
I, [2015-08-18T23:03:51.442583 #16076]  INFO -- : master complete
I, [2015-08-18T23:04:03.674772 #16213]  INFO -- : unlinking existing socket=/tmp/unicorn.airbud.sock
I, [2015-08-18T23:04:03.675035 #16213]  INFO -- : listening on addr=/tmp/unicorn.airbud.sock fd=10
I, [2015-08-18T23:04:03.675163 #16213]  INFO -- : worker=0 spawning...
I, [2015-08-18T23:04:03.675754 #16213]  INFO -- : worker=1 spawning...
I, [2015-08-18T23:04:03.679842 #16213]  INFO -- : master process ready
I, [2015-08-18T23:04:03.686772 #16216]  INFO -- : worker=0 spawned pid=16216
I, [2015-08-18T23:04:03.686921 #16216]  INFO -- : Refreshing Gem list
I, [2015-08-18T23:04:03.689948 #16218]  INFO -- : worker=1 spawned pid=16218
I, [2015-08-18T23:04:03.690075 #16218]  INFO -- : Refreshing Gem list
I, [2015-08-18T23:04:04.374731 #16216]  INFO -- : worker=0 ready
I, [2015-08-18T23:04:04.375938 #16218]  INFO -- : worker=1 ready
73.153.28.255 - - [18/Aug/2015:23:04:16 +0000] "GET / HTTP/1.0" 200 7 0.0169
2015-08-18 23:04:23 - URI::InvalidURIError - bad URI(is not URI?): 31.214.240.212:3128:
	/usr/local/rvm/rubies/ruby-2.2.2/lib/ruby/2.2.0/uri/rfc3986_parser.rb:66:in `split'
	/usr/local/rvm/rubies/ruby-2.2.2/lib/ruby/2.2.0/uri/rfc3986_parser.rb:72:in `parse'
	/usr/local/rvm/rubies/ruby-2.2.2/lib/ruby/2.2.0/uri/common.rb:226:in `parse'
	/usr/local/rvm/rubies/ruby-2.2.2/lib/ruby/2.2.0/open-uri.rb:198:in `open_loop'
	/usr/local/rvm/rubies/ruby-2.2.2/lib/ruby/2.2.0/open-uri.rb:150:in `open_uri'
	/usr/local/rvm/rubies/ruby-2.2.2/lib/ruby/2.2.0/open-uri.rb:716:in `open'
	/usr/local/rvm/rubies/ruby-2.2.2/lib/ruby/2.2.0/open-uri.rb:34:in `open'
	/var/www/airbud/noko.rb:23:in `content'
	/var/www/airbud/noko.rb:29:in `background'
	/var/www/airbud/noko.rb:37:in `summary'
	/var/www/airbud/noko.rb:13:in `formatted'
	/var/www/airbud/airbud.rb:7:in `block in <top (required)>'
	/usr/local/rvm/gems/ruby-2.2.2/gems/sinatra-1.4.6/lib/sinatra/base.rb:1610:in `call'
	/usr/local/rvm/gems/ruby-2.2.2/gems/sinatra-1.4.6/lib/sinatra/base.rb:1610:in `block in compile!'
	/usr/local/rvm/gems/ruby-2.2.2/gems/sinatra-1.4.6/lib/sinatra/base.rb:974:in `[]'
	/usr/local/rvm/gems/ruby-2.2.2/gems/sinatra-1.4.6/lib/sinatra/base.rb:974:in `block (3 levels) in route!'
	/usr/local/rvm/gems/ruby-2.2.2/gems/sinatra-1.4.6/lib/sinatra/base.rb:993:in `route_eval'
	/usr/local/rvm/gems/ruby-2.2.2/gems/sinatra-1.4.6/lib/sinatra/base.rb:974:in `block (2 levels) in route!'
	/usr/local/rvm/gems/ruby-2.2.2/gems/sinatra-1.4.6/lib/sinatra/base.rb:1014:in `block in process_route'
	/usr/local/rvm/gems/ruby-2.2.2/gems/sinatra-1.4.6/lib/sinatra/base.rb:1012:in `catch'
	/usr/local/rvm/gems/ruby-2.2.2/gems/sinatra-1.4.6/lib/sinatra/base.rb:1012:in `process_route'
	/usr/local/rvm/gems/ruby-2.2.2/gems/sinatra-1.4.6/lib/sinatra/base.rb:972:in `block in route!'
	/usr/local/rvm/gems/ruby-2.2.2/gems/sinatra-1.4.6/lib/sinatra/base.rb:971:in `each'
	/usr/local/rvm/gems/ruby-2.2.2/gems/sinatra-1.4.6/lib/sinatra/base.rb:971:in `route!'
	/usr/local/rvm/gems/ruby-2.2.2/gems/sinatra-1.4.6/lib/sinatra/base.rb:1084:in `block in dispatch!'
	/usr/local/rvm/gems/ruby-2.2.2/gems/sinatra-1.4.6/lib/sinatra/base.rb:1066:in `block in invoke'
	/usr/local/rvm/gems/ruby-2.2.2/gems/sinatra-1.4.6/lib/sinatra/base.rb:1066:in `catch'
	/usr/local/rvm/gems/ruby-2.2.2/gems/sinatra-1.4.6/lib/sinatra/base.rb:1066:in `invoke'
	/usr/local/rvm/gems/ruby-2.2.2/gems/sinatra-1.4.6/lib/sinatra/base.rb:1081:in `dispatch!'
	/usr/local/rvm/gems/ruby-2.2.2/gems/sinatra-1.4.6/lib/sinatra/base.rb:906:in `block in call!'
	/usr/local/rvm/gems/ruby-2.2.2/gems/sinatra-1.4.6/lib/sinatra/base.rb:1066:in `block in invoke'
	/usr/local/rvm/gems/ruby-2.2.2/gems/sinatra-1.4.6/lib/sinatra/base.rb:1066:in `catch'
	/usr/local/rvm/gems/ruby-2.2.2/gems/sinatra-1.4.6/lib/sinatra/base.rb:1066:in `invoke'
	/usr/local/rvm/gems/ruby-2.2.2/gems/sinatra-1.4.6/lib/sinatra/base.rb:906:in `call!'
	/usr/local/rvm/gems/ruby-2.2.2/gems/sinatra-1.4.6/lib/sinatra/base.rb:894:in `call'
	/usr/local/rvm/gems/ruby-2.2.2/gems/rack-protection-1.5.3/lib/rack/protection/xss_header.rb:18:in `call'
	/usr/local/rvm/gems/ruby-2.2.2/gems/rack-protection-1.5.3/lib/rack/protection/path_traversal.rb:16:in `call'
	/usr/local/rvm/gems/ruby-2.2.2/gems/rack-protection-1.5.3/lib/rack/protection/json_csrf.rb:18:in `call'
	/usr/local/rvm/gems/ruby-2.2.2/gems/rack-protection-1.5.3/lib/rack/protection/base.rb:49:in `call'
	/usr/local/rvm/gems/ruby-2.2.2/gems/rack-protection-1.5.3/lib/rack/protection/base.rb:49:in `call'
	/usr/local/rvm/gems/ruby-2.2.2/gems/rack-protection-1.5.3/lib/rack/protection/frame_options.rb:31:in `call'
	/usr/local/rvm/gems/ruby-2.2.2/gems/rack-1.6.4/lib/rack/logger.rb:15:in `call'
	/usr/local/rvm/gems/ruby-2.2.2/gems/sinatra-1.4.6/lib/sinatra/base.rb:211:in `call'
	/usr/local/rvm/gems/ruby-2.2.2/gems/rack-1.6.4/lib/rack/head.rb:13:in `call'
	/usr/local/rvm/gems/ruby-2.2.2/gems/rack-1.6.4/lib/rack/methodoverride.rb:22:in `call'
	/usr/local/rvm/gems/ruby-2.2.2/gems/sinatra-1.4.6/lib/sinatra/show_exceptions.rb:21:in `call'
	/usr/local/rvm/gems/ruby-2.2.2/gems/sinatra-1.4.6/lib/sinatra/base.rb:181:in `call'
	/usr/local/rvm/gems/ruby-2.2.2/gems/sinatra-1.4.6/lib/sinatra/base.rb:2021:in `call'
	/usr/local/rvm/gems/ruby-2.2.2/gems/sinatra-1.4.6/lib/sinatra/base.rb:1486:in `block in call'
	/usr/local/rvm/gems/ruby-2.2.2/gems/sinatra-1.4.6/lib/sinatra/base.rb:1795:in `synchronize'
	/usr/local/rvm/gems/ruby-2.2.2/gems/sinatra-1.4.6/lib/sinatra/base.rb:1486:in `call'
	/usr/local/rvm/gems/ruby-2.2.2/gems/rack-1.6.4/lib/rack/tempfile_reaper.rb:15:in `call'
	/usr/local/rvm/gems/ruby-2.2.2/gems/rack-1.6.4/lib/rack/lint.rb:49:in `_call'
	/usr/local/rvm/gems/ruby-2.2.2/gems/rack-1.6.4/lib/rack/lint.rb:37:in `call'
	/usr/local/rvm/gems/ruby-2.2.2/gems/rack-1.6.4/lib/rack/showexceptions.rb:24:in `call'
	/usr/local/rvm/gems/ruby-2.2.2/gems/rack-1.6.4/lib/rack/commonlogger.rb:33:in `call'
	/usr/local/rvm/gems/ruby-2.2.2/gems/sinatra-1.4.6/lib/sinatra/base.rb:218:in `call'
	/usr/local/rvm/gems/ruby-2.2.2/gems/rack-1.6.4/lib/rack/chunked.rb:54:in `call'
	/usr/local/rvm/gems/ruby-2.2.2/gems/rack-1.6.4/lib/rack/content_length.rb:15:in `call'
	/usr/local/rvm/gems/ruby-2.2.2/gems/unicorn-4.9.0/lib/unicorn/http_server.rb:580:in `process_client'
	/usr/local/rvm/gems/ruby-2.2.2/gems/unicorn-4.9.0/lib/unicorn/http_server.rb:674:in `worker_loop'
	/usr/local/rvm/gems/ruby-2.2.2/gems/unicorn-4.9.0/lib/unicorn/http_server.rb:529:in `spawn_missing_workers'
	/usr/local/rvm/gems/ruby-2.2.2/gems/unicorn-4.9.0/lib/unicorn/http_server.rb:140:in `start'
	/usr/local/rvm/gems/ruby-2.2.2/gems/unicorn-4.9.0/bin/unicorn:126:in `<top (required)>'
	/usr/local/rvm/gems/ruby-2.2.2/bin/unicorn:23:in `load'
	/usr/local/rvm/gems/ruby-2.2.2/bin/unicorn:23:in `<main>'
	/usr/local/rvm/gems/ruby-2.2.2/bin/ruby_executable_hooks:15:in `eval'
	/usr/local/rvm/gems/ruby-2.2.2/bin/ruby_executable_hooks:15:in `<main>'
73.153.28.255 - - [18/Aug/2015:23:04:23 +0000] "GET /profile?url=https%3A%2F%2Fwww.linkedin.com%2Fin%2Fdanielglunz HTTP/1.0" 500 183028 0.0661
73.153.28.255 - - [18/Aug/2015:23:04:23 +0000] "GET /__sinatra__/500.png HTTP/1.0" 304 - 0.0017
I, [2015-08-18T23:05:30.700175 #16213]  INFO -- : reaped #<Process::Status: pid 16216 exit 0> worker=0
I, [2015-08-18T23:05:30.700317 #16213]  INFO -- : reaped #<Process::Status: pid 16218 exit 0> worker=1
I, [2015-08-18T23:05:30.700437 #16213]  INFO -- : master complete
I, [2015-08-18T23:05:40.591297 #16257]  INFO -- : unlinking existing socket=/tmp/unicorn.airbud.sock
I, [2015-08-18T23:05:40.591544 #16257]  INFO -- : listening on addr=/tmp/unicorn.airbud.sock fd=10
I, [2015-08-18T23:05:40.591671 #16257]  INFO -- : worker=0 spawning...
I, [2015-08-18T23:05:40.596708 #16257]  INFO -- : worker=1 spawning...
I, [2015-08-18T23:05:40.597132 #16257]  INFO -- : master process ready
I, [2015-08-18T23:05:40.603331 #16260]  INFO -- : worker=0 spawned pid=16260
I, [2015-08-18T23:05:40.603474 #16260]  INFO -- : Refreshing Gem list
I, [2015-08-18T23:05:40.606576 #16262]  INFO -- : worker=1 spawned pid=16262
I, [2015-08-18T23:05:40.606696 #16262]  INFO -- : Refreshing Gem list
I, [2015-08-18T23:05:41.281934 #16260]  INFO -- : worker=0 ready
I, [2015-08-18T23:05:41.282381 #16262]  INFO -- : worker=1 ready
2015-08-18 23:05:50 - URI::InvalidURIError - bad URI(is not URI?): 31.214.240.212:3128:
	/usr/local/rvm/rubies/ruby-2.2.2/lib/ruby/2.2.0/uri/rfc3986_parser.rb:66:in `split'
	/usr/local/rvm/rubies/ruby-2.2.2/lib/ruby/2.2.0/uri/rfc3986_parser.rb:72:in `parse'
	/usr/local/rvm/rubies/ruby-2.2.2/lib/ruby/2.2.0/uri/common.rb:226:in `parse'
	/usr/local/rvm/rubies/ruby-2.2.2/lib/ruby/2.2.0/open-uri.rb:198:in `open_loop'
	/usr/local/rvm/rubies/ruby-2.2.2/lib/ruby/2.2.0/open-uri.rb:150:in `open_uri'
	/usr/local/rvm/rubies/ruby-2.2.2/lib/ruby/2.2.0/open-uri.rb:716:in `open'
	/usr/local/rvm/rubies/ruby-2.2.2/lib/ruby/2.2.0/open-uri.rb:34:in `open'
	/var/www/airbud/noko.rb:23:in `content'
	/var/www/airbud/noko.rb:29:in `background'
	/var/www/airbud/noko.rb:37:in `summary'
	/var/www/airbud/noko.rb:13:in `formatted'
	/var/www/airbud/airbud.rb:7:in `block in <top (required)>'
	/usr/local/rvm/gems/ruby-2.2.2/gems/sinatra-1.4.6/lib/sinatra/base.rb:1610:in `call'
	/usr/local/rvm/gems/ruby-2.2.2/gems/sinatra-1.4.6/lib/sinatra/base.rb:1610:in `block in compile!'
	/usr/local/rvm/gems/ruby-2.2.2/gems/sinatra-1.4.6/lib/sinatra/base.rb:974:in `[]'
	/usr/local/rvm/gems/ruby-2.2.2/gems/sinatra-1.4.6/lib/sinatra/base.rb:974:in `block (3 levels) in route!'
	/usr/local/rvm/gems/ruby-2.2.2/gems/sinatra-1.4.6/lib/sinatra/base.rb:993:in `route_eval'
	/usr/local/rvm/gems/ruby-2.2.2/gems/sinatra-1.4.6/lib/sinatra/base.rb:974:in `block (2 levels) in route!'
	/usr/local/rvm/gems/ruby-2.2.2/gems/sinatra-1.4.6/lib/sinatra/base.rb:1014:in `block in process_route'
	/usr/local/rvm/gems/ruby-2.2.2/gems/sinatra-1.4.6/lib/sinatra/base.rb:1012:in `catch'
	/usr/local/rvm/gems/ruby-2.2.2/gems/sinatra-1.4.6/lib/sinatra/base.rb:1012:in `process_route'
	/usr/local/rvm/gems/ruby-2.2.2/gems/sinatra-1.4.6/lib/sinatra/base.rb:972:in `block in route!'
	/usr/local/rvm/gems/ruby-2.2.2/gems/sinatra-1.4.6/lib/sinatra/base.rb:971:in `each'
	/usr/local/rvm/gems/ruby-2.2.2/gems/sinatra-1.4.6/lib/sinatra/base.rb:971:in `route!'
	/usr/local/rvm/gems/ruby-2.2.2/gems/sinatra-1.4.6/lib/sinatra/base.rb:1084:in `block in dispatch!'
	/usr/local/rvm/gems/ruby-2.2.2/gems/sinatra-1.4.6/lib/sinatra/base.rb:1066:in `block in invoke'
	/usr/local/rvm/gems/ruby-2.2.2/gems/sinatra-1.4.6/lib/sinatra/base.rb:1066:in `catch'
	/usr/local/rvm/gems/ruby-2.2.2/gems/sinatra-1.4.6/lib/sinatra/base.rb:1066:in `invoke'
	/usr/local/rvm/gems/ruby-2.2.2/gems/sinatra-1.4.6/lib/sinatra/base.rb:1081:in `dispatch!'
	/usr/local/rvm/gems/ruby-2.2.2/gems/sinatra-1.4.6/lib/sinatra/base.rb:906:in `block in call!'
	/usr/local/rvm/gems/ruby-2.2.2/gems/sinatra-1.4.6/lib/sinatra/base.rb:1066:in `block in invoke'
	/usr/local/rvm/gems/ruby-2.2.2/gems/sinatra-1.4.6/lib/sinatra/base.rb:1066:in `catch'
	/usr/local/rvm/gems/ruby-2.2.2/gems/sinatra-1.4.6/lib/sinatra/base.rb:1066:in `invoke'
	/usr/local/rvm/gems/ruby-2.2.2/gems/sinatra-1.4.6/lib/sinatra/base.rb:906:in `call!'
	/usr/local/rvm/gems/ruby-2.2.2/gems/sinatra-1.4.6/lib/sinatra/base.rb:894:in `call'
	/usr/local/rvm/gems/ruby-2.2.2/gems/rack-protection-1.5.3/lib/rack/protection/xss_header.rb:18:in `call'
	/usr/local/rvm/gems/ruby-2.2.2/gems/rack-protection-1.5.3/lib/rack/protection/path_traversal.rb:16:in `call'
	/usr/local/rvm/gems/ruby-2.2.2/gems/rack-protection-1.5.3/lib/rack/protection/json_csrf.rb:18:in `call'
	/usr/local/rvm/gems/ruby-2.2.2/gems/rack-protection-1.5.3/lib/rack/protection/base.rb:49:in `call'
	/usr/local/rvm/gems/ruby-2.2.2/gems/rack-protection-1.5.3/lib/rack/protection/base.rb:49:in `call'
	/usr/local/rvm/gems/ruby-2.2.2/gems/rack-protection-1.5.3/lib/rack/protection/frame_options.rb:31:in `call'
	/usr/local/rvm/gems/ruby-2.2.2/gems/rack-1.6.4/lib/rack/logger.rb:15:in `call'
	/usr/local/rvm/gems/ruby-2.2.2/gems/sinatra-1.4.6/lib/sinatra/base.rb:211:in `call'
	/usr/local/rvm/gems/ruby-2.2.2/gems/rack-1.6.4/lib/rack/head.rb:13:in `call'
	/usr/local/rvm/gems/ruby-2.2.2/gems/rack-1.6.4/lib/rack/methodoverride.rb:22:in `call'
	/usr/local/rvm/gems/ruby-2.2.2/gems/sinatra-1.4.6/lib/sinatra/show_exceptions.rb:21:in `call'
	/usr/local/rvm/gems/ruby-2.2.2/gems/sinatra-1.4.6/lib/sinatra/base.rb:181:in `call'
	/usr/local/rvm/gems/ruby-2.2.2/gems/sinatra-1.4.6/lib/sinatra/base.rb:2021:in `call'
	/usr/local/rvm/gems/ruby-2.2.2/gems/sinatra-1.4.6/lib/sinatra/base.rb:1486:in `block in call'
	/usr/local/rvm/gems/ruby-2.2.2/gems/sinatra-1.4.6/lib/sinatra/base.rb:1795:in `synchronize'
	/usr/local/rvm/gems/ruby-2.2.2/gems/sinatra-1.4.6/lib/sinatra/base.rb:1486:in `call'
	/usr/local/rvm/gems/ruby-2.2.2/gems/rack-1.6.4/lib/rack/tempfile_reaper.rb:15:in `call'
	/usr/local/rvm/gems/ruby-2.2.2/gems/rack-1.6.4/lib/rack/lint.rb:49:in `_call'
	/usr/local/rvm/gems/ruby-2.2.2/gems/rack-1.6.4/lib/rack/lint.rb:37:in `call'
	/usr/local/rvm/gems/ruby-2.2.2/gems/rack-1.6.4/lib/rack/showexceptions.rb:24:in `call'
	/usr/local/rvm/gems/ruby-2.2.2/gems/rack-1.6.4/lib/rack/commonlogger.rb:33:in `call'
	/usr/local/rvm/gems/ruby-2.2.2/gems/sinatra-1.4.6/lib/sinatra/base.rb:218:in `call'
	/usr/local/rvm/gems/ruby-2.2.2/gems/rack-1.6.4/lib/rack/chunked.rb:54:in `call'
	/usr/local/rvm/gems/ruby-2.2.2/gems/rack-1.6.4/lib/rack/content_length.rb:15:in `call'
	/usr/local/rvm/gems/ruby-2.2.2/gems/unicorn-4.9.0/lib/unicorn/http_server.rb:580:in `process_client'
	/usr/local/rvm/gems/ruby-2.2.2/gems/unicorn-4.9.0/lib/unicorn/http_server.rb:674:in `worker_loop'
	/usr/local/rvm/gems/ruby-2.2.2/gems/unicorn-4.9.0/lib/unicorn/http_server.rb:529:in `spawn_missing_workers'
	/usr/local/rvm/gems/ruby-2.2.2/gems/unicorn-4.9.0/lib/unicorn/http_server.rb:140:in `start'
	/usr/local/rvm/gems/ruby-2.2.2/gems/unicorn-4.9.0/bin/unicorn:126:in `<top (required)>'
	/usr/local/rvm/gems/ruby-2.2.2/bin/unicorn:23:in `load'
	/usr/local/rvm/gems/ruby-2.2.2/bin/unicorn:23:in `<main>'
	/usr/local/rvm/gems/ruby-2.2.2/bin/ruby_executable_hooks:15:in `eval'
	/usr/local/rvm/gems/ruby-2.2.2/bin/ruby_executable_hooks:15:in `<main>'
73.153.28.255 - - [18/Aug/2015:23:05:50 +0000] "GET /profile?url=https%3A%2F%2Fwww.linkedin.com%2Fin%2Fdanielglunz HTTP/1.0" 500 183148 0.0747
